Arguments: 
  C:\Program Files\nodejs\node.exe C:\Users\Admin\AppData\Roaming\npm\node_modules\yarn\bin\yarn.js

PATH: 
  C:\Users\Admin\miniconda3\condabin;C:\Users\Admin\bin;C:\Program Files\Git\mingw64\bin;C:\Program Files\Git\usr\local\bin;C:\Program Files\Git\usr\bin;C:\Program Files\Git\usr\bin;C:\Program Files\Git\mingw64\bin;C:\Program Files\Git\usr\bin;C:\Users\Admin\bin;C:\Program Files (x86)\Razer Chroma SDK\bin;C:\Program Files\Razer Chroma SDK\bin;C:\Program Files (x86)\Razer\ChromaBroadcast\bin;C:\Program Files\Razer\ChromaBroadcast\bin;C:\Windows\system32;C:\Windows;C:\Windows\System32\Wbem;C:\Windows\System32\WindowsPowerShell\v1.0;C:\Windows\System32\OpenSSH;C:\Program Files (x86)\NVIDIA Corporation\PhysX\Common;C:\Program Files\Git\cmd;C:\Program Files\dotnet;C:\Windows\system32\config\systemprofile\AppData\Local\Microsoft\WindowsApps;C:\WINDOWS\system32;C:\WINDOWS;C:\WINDOWS\System32\Wbem;C:\WINDOWS\System32\WindowsPowerShell\v1.0;C:\WINDOWS\System32\OpenSSH;C:\WINDOWS\system32\config\systemprofile\AppData\Local\Microsoft\WindowsApps;C:\Program Files\GitHub CLI;C:\Program Files\Microsoft VS Code\bin;C:\Program Files\WezTerm;C:\Program Files\Go\bin;C:\Program Files\nodejs;C:\Program Files\PowerShell\7;C:\Users\Admin\AppData\Local\pnpm;C:\Users\Admin\go\bin;C:\Users\Admin\scoop\apps\ruby\current\bin;C:\Users\Admin\scoop\apps\ruby\current\gems\bin;C:\Users\Admin\scoop\apps\gcc\current\bin;C:\Users\Admin\scoop\shims;C:\Users\Admin\AppData\Local\Programs\Eclipse Adoptium\jdk-17.0.4.101-hotspot\bin;C:\Users\Admin\.cargo\bin;C:\Users\Admin\AppData\Local\Microsoft\WindowsApps;C:\Users\Admin\AppData\Local\Programs\Microsoft VS Code\bin;C:\Users\Admin\AppData\Local\Pandoc;C:\Users\Admin\go\bin;C:\Users\Admin\AppData\Local\gitkraken\bin;C:\Users\Admin\AppData\Roaming\npm;C:\Program Files\Git\usr\bin\vendor_perl;C:\Program Files\Git\usr\bin\core_perl

Yarn version: 
  1.22.19

Node version: 
  18.18.0

Platform: 
  win32 x64

Trace: 
  Error: ENOENT: no such file or directory, copyfile 'C:\Users\Admin\AppData\Local\Yarn\Cache\v6\npm-glob-parent-6.0.2-6d237d99083950c79290f24c7642a3de9a28f9e3-integrity\node_modules\glob-parent\index.js' -> 'C:\Users\Admin\Desktop\rust\tauri\adversatype\node_modules\eslint\node_modules\glob-parent\index.js'

npm manifest: 
  {
  	"name": "adversatype",
  	"version": "0.0.1",
  	"private": true,
  	"scripts": {
  		"dev": "vite dev",
  		"build": "vite build",
  		"preview": "vite preview",
  		"check": "svelte-kit sync && svelte-check --tsconfig ./tsconfig.json",
  		"check:watch": "svelte-kit sync && svelte-check --tsconfig ./tsconfig.json --watch",
  		"lint": "prettier --plugin-search-dir . --check . && eslint .",
  		"format": "prettier --plugin-search-dir . --write ."
  	},
  	"devDependencies": {
  		"@skeletonlabs/skeleton": "^2.3.0",
  		"@skeletonlabs/tw-plugin": "^0.2.2",
  		"@sveltejs/adapter-auto": "^2.0.0",
  		"@sveltejs/adapter-static": "^2.0.3",
  		"@sveltejs/kit": "^1.20.4",
  		"@tailwindcss/forms": "^0.5.6",
  		"@tauri-apps/cli": "^1.5.2",
  		"@types/node": "^20.8.4",
  		"@typescript-eslint/eslint-plugin": "^6.0.0",
  		"@typescript-eslint/parser": "^6.0.0",
  		"autoprefixer": "^10.4.14",
  		"eslint": "^8.28.0",
  		"eslint-config-prettier": "^8.5.0",
  		"eslint-plugin-svelte": "^2.30.0",
  		"postcss": "^8.4.24",
  		"postcss-load-config": "^4.0.1",
  		"prettier": "^2.8.8",
  		"prettier-plugin-svelte": "^2.10.1",
  		"svelte": "^4.0.5",
  		"svelte-check": "^3.4.3",
  		"tailwindcss": "^3.3.2",
  		"tslib": "^2.4.1",
  		"typescript": "^5.0.0",
  		"vite": "^4.4.2"
  	},
  	"type": "module",
  	"dependencies": {
  		"@tauri-apps/api": "^1.5.0"
  	}
  }

yarn manifest: 
  No manifest

Lockfile: 
  No lockfile
